<?xml version="1.0" encoding="UTF-8"?>
<testng-results ignored="2" total="4" passed="2" failed="0" skipped="0">
  <reporter-output>
  </reporter-output>
  <suite started-at="2024-02-19T07:16:17Z" name="Surefire suite" finished-at="2024-02-19T07:16:52Z" duration-ms="34837">
    <groups>
    </groups>
    <test started-at="2024-02-19T07:16:17Z" name="Surefire test" finished-at="2024-02-19T07:16:52Z" duration-ms="34837">
      <class name="vtiger.opportunity_module.ToCreateOpportunityTest">
        <test-method is-config="true" signature="bcConfig()[pri:0, instance:vtiger.opportunity_module.ToCreateOpportunityTest@6a6cb05c]" started-at="2024-02-19T07:16:29Z" name="bcConfig" finished-at="2024-02-19T07:16:31Z" duration-ms="1868" status="PASS">
          <reporter-output>
          </reporter-output>
        </test-method> <!-- bcConfig -->
        <test-method is-config="true" signature="bmConfig()[pri:0, instance:vtiger.opportunity_module.ToCreateOpportunityTest@6a6cb05c]" started-at="2024-02-19T07:16:31Z" name="bmConfig" finished-at="2024-02-19T07:16:33Z" duration-ms="1652" status="PASS">
          <reporter-output>
          </reporter-output>
        </test-method> <!-- bmConfig -->
        <test-method signature="toCreateAnOpportunityWithOrganizationAndCampaignDetails()[pri:0, instance:vtiger.opportunity_module.ToCreateOpportunityTest@6a6cb05c]" started-at="2024-02-19T07:16:33Z" name="toCreateAnOpportunityWithOrganizationAndCampaignDetails" finished-at="2024-02-19T07:16:51Z" duration-ms="18084" status="PASS">
          <reporter-output>
          </reporter-output>
        </test-method> <!-- toCreateAnOpportunityWithOrganizationAndCampaignDetails -->
        <test-method is-config="true" signature="amConfig()[pri:0, instance:vtiger.opportunity_module.ToCreateOpportunityTest@6a6cb05c]" started-at="2024-02-19T07:16:51Z" name="amConfig" finished-at="2024-02-19T07:16:52Z" duration-ms="1081" status="PASS">
          <reporter-output>
          </reporter-output>
        </test-method> <!-- amConfig -->
        <test-method is-config="true" signature="acConfig()[pri:0, instance:vtiger.opportunity_module.ToCreateOpportunityTest@6a6cb05c]" started-at="2024-02-19T07:16:52Z" name="acConfig" finished-at="2024-02-19T07:16:52Z" duration-ms="270" status="PASS">
          <reporter-output>
          </reporter-output>
        </test-method> <!-- acConfig -->
      </class> <!-- vtiger.opportunity_module.ToCreateOpportunityTest -->
      <class name="vtiger.lead_module.ToCreateALeadTest">
        <test-method is-config="true" signature="bsConfig()[pri:0, instance:vtiger.lead_module.ToCreateALeadTest@702657cc]" started-at="2024-02-19T07:16:17Z" name="bsConfig" finished-at="2024-02-19T07:16:17Z" duration-ms="7" status="PASS">
          <reporter-output>
          </reporter-output>
        </test-method> <!-- bsConfig -->
        <test-method is-config="true" signature="bcConfig()[pri:0, instance:vtiger.lead_module.ToCreateALeadTest@702657cc]" started-at="2024-02-19T07:16:18Z" name="bcConfig" finished-at="2024-02-19T07:16:20Z" duration-ms="2363" status="PASS">
          <reporter-output>
          </reporter-output>
        </test-method> <!-- bcConfig -->
        <test-method is-config="true" signature="bmConfig()[pri:0, instance:vtiger.lead_module.ToCreateALeadTest@702657cc]" started-at="2024-02-19T07:16:20Z" name="bmConfig" finished-at="2024-02-19T07:16:22Z" duration-ms="1754" status="PASS">
          <reporter-output>
          </reporter-output>
        </test-method> <!-- bmConfig -->
        <test-method signature="toCreateALeadAndToVerifyTheLeadInfo()[pri:0, instance:vtiger.lead_module.ToCreateALeadTest@702657cc]" started-at="2024-02-19T07:16:22Z" name="toCreateALeadAndToVerifyTheLeadInfo" finished-at="2024-02-19T07:16:28Z" duration-ms="6093" status="PASS">
          <reporter-output>
          </reporter-output>
        </test-method> <!-- toCreateALeadAndToVerifyTheLeadInfo -->
        <test-method is-config="true" signature="amConfig()[pri:0, instance:vtiger.lead_module.ToCreateALeadTest@702657cc]" started-at="2024-02-19T07:16:28Z" name="amConfig" finished-at="2024-02-19T07:16:29Z" duration-ms="1180" status="PASS">
          <reporter-output>
          </reporter-output>
        </test-method> <!-- amConfig -->
        <test-method is-config="true" signature="acConfig()[pri:0, instance:vtiger.lead_module.ToCreateALeadTest@702657cc]" started-at="2024-02-19T07:16:29Z" name="acConfig" finished-at="2024-02-19T07:16:29Z" duration-ms="294" status="PASS">
          <reporter-output>
          </reporter-output>
        </test-method> <!-- acConfig -->
        <test-method is-config="true" signature="as()[pri:0, instance:vtiger.lead_module.ToCreateALeadTest@702657cc]" started-at="2024-02-19T07:16:53Z" name="as" finished-at="2024-02-19T07:16:53Z" duration-ms="1" status="PASS">
          <reporter-output>
          </reporter-output>
        </test-method> <!-- as -->
      </class> <!-- vtiger.lead_module.ToCreateALeadTest -->
    </test> <!-- Surefire test -->
  </suite> <!-- Surefire suite -->
</testng-results>
