<?xml version="1.0" encoding="UTF-8"?>
<!-- Generated by org.testng.reporters.JUnitXMLReporter -->
<testsuite ignored="2" hostname="TYSS-Akash-Deb" failures="0" tests="2" name="Surefire test" time="34.837" errors="0" timestamp="19 Feb 2024 07:16:53 GMT">
  <testcase classname="vtiger.lead_module.ToCreateALeadTest" name="toCreateALeadAndToVerifyTheLeadInfo" time="6.093"/>
  <testcase classname="vtiger.opportunity_module.ToCreateOpportunityTest" name="toCreateAnOpportunityWithOrganizationAndCampaignDetails" time="18.084"/>
  <testcase classname="vtiger.genericUtility.BaseClass" name="@BeforeSuite bsConfig" time="0.0">
    <ignored/>
  </testcase> <!-- @BeforeSuite bsConfig -->
  <testcase classname="vtiger.genericUtility.BaseClass" name="@AfterSuite as" time="0.0">
    <ignored/>
  </testcase> <!-- @AfterSuite as -->
</testsuite> <!-- Surefire test -->
